#
# There is insufficient memory for the Java Runtime Environment to continue.
# Native memory allocation (mmap) failed to map 44040192 bytes for G1 virtual space
# Possible reasons:
#   The system is out of physical RAM or swap space
#   The process is running with CompressedOops enabled, and the Java Heap may be blocking the growth of the native heap
# Possible solutions:
#   Reduce memory load on the system
#   Increase physical memory or swap space
#   Check if swap backing store is full
#   Decrease Java heap size (-Xmx/-Xms)
#   Decrease number of Java threads
#   Decrease Java thread stack sizes (-Xss)
#   Set larger code cache with -XX:ReservedCodeCacheSize=
#   JVM is running with Unscaled Compressed Oops mode in which the Java heap is
#     placed in the first 4GB address space. The Java Heap base address is the
#     maximum limit for the native heap growth. Please use -XX:HeapBaseMinAddress
#     to set the Java Heap base and to place the Java Heap above 4GB virtual address.
# This output file may be truncated or incomplete.
#
#  Out of Memory Error (os_windows.cpp:3825), pid=8648, tid=12856
#
# JRE version: OpenJDK Runtime Environment (17.0.9) (build 17.0.9+0--11185874)
# Java VM: OpenJDK 64-Bit Server VM (17.0.9+0--11185874, mixed mode, tiered, compressed oops, compressed class ptrs, g1 gc, windows-amd64)
# No core dump will be written. Minidumps are not enabled by default on client versions of Windows
#

---------------  S U M M A R Y ------------

Command Line: org.jetbrains.kotlin.cli.jvm.K2JVMCompiler @C:\Users\Esapace_info\AndroidStudioProjects\InsuranceApp\app\build\20240604_2278718595314239365.compiler.options

Host: Intel(R) Core(TM) i5-7200U CPU @ 2.50GHz, 4 cores, 7G,  Windows 10 , 64 bit Build 18362 (10.0.18362.1110)
Time: Tue Jun  4 02:39:18 2024 Paris, Madrid elapsed time: 4.099041 seconds (0d 0h 0m 4s)

---------------  T H R E A D  ---------------

Current thread (0x000001ae4d700810):  VMThread "VM Thread" [stack: 0x00000013ade00000,0x00000013adf00000] [id=12856]

Stack: [0x00000013ade00000,0x00000013adf00000]
Native frames: (J=compiled Java code, j=interpreted, Vv=VM code, C=native code)
V  [jvm.dll+0x6886e9]
V  [jvm.dll+0x841e4a]
V  [jvm.dll+0x843a8e]
V  [jvm.dll+0x8440f3]
V  [jvm.dll+0x24c14f]
V  [jvm.dll+0x685499]
V  [jvm.dll+0x679c2a]
V  [jvm.dll+0x30cf9b]
V  [jvm.dll+0x314446]
V  [jvm.dll+0x36425e]
V  [jvm.dll+0x36448f]
V  [jvm.dll+0x2e2d68]
V  [jvm.dll+0x2e0f44]
V  [jvm.dll+0x2e054c]
V  [jvm.dll+0x3253fb]
V  [jvm.dll+0x8487eb]
V  [jvm.dll+0x849531]
V  [jvm.dll+0x849a4d]
V  [jvm.dll+0x849e24]
V  [jvm.dll+0x849ef0]
V  [jvm.dll+0x7f06aa]
V  [jvm.dll+0x687565]
C  [ucrtbase.dll+0x210b2]
C  [KERNEL32.DLL+0x17c24]
C  [ntdll.dll+0x6d4d1]

VM_Operation (0x00000013ad8fa880): G1CollectForAllocation, mode: safepoint, requested by thread 0x000001ae341e6f00


---------------  P R O C E S S  ---------------

Threads class SMR info:
_java_thread_list=0x000001ae54717490, length=13, elements={
0x000001ae341e6f00, 0x000001ae4d7154d0, 0x000001ae4d7163a0, 0x000001ae4d86f4a0,
0x000001ae4d8907c0, 0x000001ae4d892110, 0x000001ae4d894990, 0x000001ae4d89b1c0,
0x000001ae4d8a3b90, 0x000001ae4d8a8ca0, 0x000001ae4d892b30, 0x000001ae4d893040,
0x000001ae547f7a80
}

Java Threads: ( => current thread )
  0x000001ae341e6f00 JavaThread "main" [_thread_blocked, id=8596, stack(0x00000013ad800000,0x00000013ad900000)]
  0x000001ae4d7154d0 JavaThread "Reference Handler" daemon [_thread_blocked, id=10332, stack(0x00000013adf00000,0x00000013ae000000)]
  0x000001ae4d7163a0 JavaThread "Finalizer" daemon [_thread_blocked, id=10496, stack(0x00000013ae000000,0x00000013ae100000)]
  0x000001ae4d86f4a0 JavaThread "Signal Dispatcher" daemon [_thread_blocked, id=3296, stack(0x00000013ae100000,0x00000013ae200000)]
  0x000001ae4d8907c0 JavaThread "Attach Listener" daemon [_thread_blocked, id=9824, stack(0x00000013ae200000,0x00000013ae300000)]
  0x000001ae4d892110 JavaThread "Service Thread" daemon [_thread_blocked, id=7096, stack(0x00000013ae300000,0x00000013ae400000)]
  0x000001ae4d894990 JavaThread "Monitor Deflation Thread" daemon [_thread_blocked, id=10044, stack(0x00000013ae400000,0x00000013ae500000)]
  0x000001ae4d89b1c0 JavaThread "C2 CompilerThread0" daemon [_thread_blocked, id=8304, stack(0x00000013ae500000,0x00000013ae600000)]
  0x000001ae4d8a3b90 JavaThread "C1 CompilerThread0" daemon [_thread_blocked, id=6148, stack(0x00000013ae600000,0x00000013ae700000)]
  0x000001ae4d8a8ca0 JavaThread "Sweeper thread" daemon [_thread_blocked, id=3716, stack(0x00000013ae700000,0x00000013ae800000)]
  0x000001ae4d892b30 JavaThread "Notification Thread" daemon [_thread_blocked, id=12252, stack(0x00000013ae800000,0x00000013ae900000)]
  0x000001ae4d893040 JavaThread "Common-Cleaner" daemon [_thread_blocked, id=3488, stack(0x00000013aea00000,0x00000013aeb00000)]
  0x000001ae547f7a80 JavaThread "C2 CompilerThread1" daemon [_thread_blocked, id=10572, stack(0x00000013aeb00000,0x00000013aec00000)]

Other Threads:
=>0x000001ae4d700810 VMThread "VM Thread" [stack: 0x00000013ade00000,0x00000013adf00000] [id=12856]
  0x000001ae4da13060 WatcherThread [stack: 0x00000013ae900000,0x00000013aea00000] [id=9036]
  0x000001ae34241ca0 GCTaskThread "GC Thread#0" [stack: 0x00000013ad900000,0x00000013ada00000] [id=324]
  0x000001ae521c1980 GCTaskThread "GC Thread#1" [stack: 0x00000013aec00000,0x00000013aed00000] [id=11056]
  0x000001ae521c1c40 GCTaskThread "GC Thread#2" [stack: 0x00000013aed00000,0x00000013aee00000] [id=10952]
  0x000001ae521bf4d0 GCTaskThread "GC Thread#3" [stack: 0x00000013aee00000,0x00000013aef00000] [id=3944]
  0x000001ae34253790 ConcurrentGCThread "G1 Main Marker" [stack: 0x00000013ada00000,0x00000013adb00000] [id=11964]
  0x000001ae34254860 ConcurrentGCThread "G1 Conc#0" [stack: 0x00000013adb00000,0x00000013adc00000] [id=11608]
  0x000001ae4d5520c0 ConcurrentGCThread "G1 Refine#0" [stack: 0x00000013adc00000,0x00000013add00000] [id=12428]
  0x000001ae4d553420 ConcurrentGCThread "G1 Service" [stack: 0x00000013add00000,0x00000013ade00000] [id=9108]

Threads with active compile tasks:
C2 CompilerThread0     4197 3421   !   4       org.jetbrains.kotlin.metadata.ProtoBuf$Type::<init> (875 bytes)
C2 CompilerThread1     4198 3457       4       org.jetbrains.kotlin.metadata.ProtoBuf$Type::getSerializedSize (393 bytes)

VM state: at safepoint (normal execution)

VM Mutex/Monitor currently owned by a thread:  ([mutex/lock_event])
[0x000001ae341e35b0] Threads_lock - owner thread: 0x000001ae4d700810
[0x000001ae341e2a70] Heap_lock - owner thread: 0x000001ae341e6f00

Heap address: 0x0000000081c00000, size: 2020 MB, Compressed Oops mode: 32-bit

CDS archive(s) not mapped
Compressed class space mapped at: 0x0000000100000000-0x0000000140000000, reserved size: 1073741824
Narrow klass base: 0x0000000000000000, Narrow klass shift: 3, Narrow klass range: 0x140000000

GC Precious Log:
 CPUs: 4 total, 4 available
 Memory: 8073M
 Large Page Support: Disabled
 NUMA Support: Disabled
 Compressed Oops: Enabled (32-bit)
 Heap Region Size: 1M
 Heap Min Capacity: 8M
 Heap Initial Capacity: 128M
 Heap Max Capacity: 2020M
 Pre-touch: Disabled
 Parallel Workers: 4
 Concurrent Workers: 1
 Concurrent Refinement Workers: 4
 Periodic GC: Disabled

Heap:
 garbage-first heap   total 58368K, used 27997K [0x0000000081c00000, 0x0000000100000000)
  region size 1024K, 2 young (2048K), 2 survivors (2048K)
 Metaspace       used 48384K, committed 48576K, reserved 1114112K
  class space    used 5863K, committed 5952K, reserved 1048576K

Heap Regions: E=young(eden), S=young(survivor), O=old, HS=humongous(starts), HC=humongous(continues), CS=collection set, F=free, OA=open archive, CA=closed archive, TAMS=top-at-mark-start (previous, next)
|   0|0x0000000081c00000, 0x0000000081d00000, 0x0000000081d00000|100%|HS|  |TAMS 0x0000000081d00000, 0x0000000081c00000| Complete 
|   1|0x0000000081d00000, 0x0000000081e00000, 0x0000000081e00000|100%|HC|  |TAMS 0x0000000081e00000, 0x0000000081d00000| Complete 
|   2|0x0000000081e00000, 0x0000000081f00000, 0x0000000081f00000|100%|HC|  |TAMS 0x0000000081f00000, 0x0000000081e00000| Complete 
|   3|0x0000000081f00000, 0x0000000082000000, 0x0000000082000000|100%|HC|  |TAMS 0x0000000082000000, 0x0000000081f00000| Complete 
|   4|0x0000000082000000, 0x0000000082100000, 0x0000000082100000|100%| O|  |TAMS 0x0000000082100000, 0x0000000082000000| Untracked 
|   5|0x0000000082100000, 0x0000000082200000, 0x0000000082200000|100%| O|  |TAMS 0x0000000082200000, 0x0000000082100000| Untracked 
|   6|0x0000000082200000, 0x0000000082300000, 0x0000000082300000|100%| O|  |TAMS 0x0000000082300000, 0x0000000082200000| Untracked 
|   7|0x0000000082300000, 0x0000000082400000, 0x0000000082400000|100%| O|  |TAMS 0x0000000082400000, 0x0000000082300000| Untracked 
|   8|0x0000000082400000, 0x0000000082500000, 0x0000000082500000|100%| O|  |TAMS 0x0000000082500000, 0x0000000082400000| Untracked 
|   9|0x0000000082500000, 0x0000000082600000, 0x0000000082600000|100%| O|  |TAMS 0x0000000082500000, 0x0000000082500000| Untracked 
|  10|0x0000000082600000, 0x0000000082700000, 0x0000000082700000|100%| O|  |TAMS 0x0000000082700000, 0x0000000082600000| Untracked 
|  11|0x0000000082700000, 0x0000000082800000, 0x0000000082800000|100%| O|  |TAMS 0x0000000082800000, 0x0000000082700000| Untracked 
|  12|0x0000000082800000, 0x0000000082900000, 0x0000000082900000|100%| O|  |TAMS 0x0000000082800000, 0x0000000082800000| Untracked 
|  13|0x0000000082900000, 0x0000000082a00000, 0x0000000082a00000|100%| O|  |TAMS 0x0000000082900000, 0x0000000082900000| Untracked 
|  14|0x0000000082a00000, 0x0000000082b00000, 0x0000000082b00000|100%| O|  |TAMS 0x0000000082b00000, 0x0000000082a00000| Untracked 
|  15|0x0000000082b00000, 0x0000000082c00000, 0x0000000082c00000|100%| O|  |TAMS 0x0000000082c00000, 0x0000000082b00000| Untracked 
|  16|0x0000000082c00000, 0x0000000082d00000, 0x0000000082d00000|100%| O|  |TAMS 0x0000000082d00000, 0x0000000082c00000| Untracked 
|  17|0x0000000082d00000, 0x0000000082e00000, 0x0000000082e00000|100%| O|  |TAMS 0x0000000082e00000, 0x0000000082d00000| Untracked 
|  18|0x0000000082e00000, 0x0000000082f00000, 0x0000000082f00000|100%| O|  |TAMS 0x0000000082f00000, 0x0000000082e00000| Untracked 
|  19|0x0000000082f00000, 0x0000000083000000, 0x0000000083000000|100%| O|  |TAMS 0x0000000083000000, 0x0000000082f00000| Untracked 
|  20|0x0000000083000000, 0x0000000083100000, 0x0000000083100000|100%| O|  |TAMS 0x000000008307f200, 0x0000000083000000| Untracked 
|  21|0x0000000083100000, 0x0000000083200000, 0x0000000083200000|100%| O|  |TAMS 0x0000000083100000, 0x0000000083100000| Untracked 
|  22|0x0000000083200000, 0x0000000083300000, 0x0000000083300000|100%| O|  |TAMS 0x0000000083200000, 0x0000000083200000| Untracked 
|  23|0x0000000083300000, 0x0000000083400000, 0x0000000083400000|100%| O|  |TAMS 0x0000000083300000, 0x0000000083300000| Untracked 
|  24|0x0000000083400000, 0x0000000083500000, 0x0000000083500000|100%| O|  |TAMS 0x0000000083400000, 0x0000000083400000| Untracked 
|  25|0x0000000083500000, 0x0000000083600000, 0x0000000083600000|100%| O|  |TAMS 0x0000000083500000, 0x0000000083500000| Untracked 
|  26|0x0000000083600000, 0x000000008360b600, 0x0000000083700000|  4%| O|  |TAMS 0x0000000083600000, 0x0000000083600000| Untracked 
|  27|0x0000000083700000, 0x0000000083700000, 0x0000000083800000|  0%| F|  |TAMS 0x0000000083700000, 0x0000000083700000| Untracked 
|  28|0x0000000083800000, 0x0000000083800000, 0x0000000083900000|  0%| F|  |TAMS 0x0000000083800000, 0x0000000083800000| Untracked 
|  29|0x0000000083900000, 0x0000000083900000, 0x0000000083a00000|  0%| F|  |TAMS 0x0000000083900000, 0x0000000083900000| Untracked 
|  30|0x0000000083a00000, 0x0000000083a00000, 0x0000000083b00000|  0%| F|  |TAMS 0x0000000083a00000, 0x0000000083a00000| Untracked 
|  31|0x0000000083b00000, 0x0000000083b00000, 0x0000000083c00000|  0%| F|  |TAMS 0x0000000083b00000, 0x0000000083b00000| Untracked 
|  32|0x0000000083c00000, 0x0000000083c00000, 0x0000000083d00000|  0%| F|  |TAMS 0x0000000083c00000, 0x0000000083c00000| Untracked 
|  33|0x0000000083d00000, 0x0000000083d00000, 0x0000000083e00000|  0%| F|  |TAMS 0x0000000083d00000, 0x0000000083d00000| Untracked 
|  34|0x0000000083e00000, 0x0000000083e00000, 0x0000000083f00000|  0%| F|  |TAMS 0x0000000083e00000, 0x0000000083e00000| Untracked 
|  35|0x0000000083f00000, 0x0000000083f00000, 0x0000000084000000|  0%| F|  |TAMS 0x0000000083f00000, 0x0000000083f00000| Untracked 
|  36|0x0000000084000000, 0x0000000084000000, 0x0000000084100000|  0%| F|  |TAMS 0x0000000084000000, 0x0000000084000000| Untracked 
|  37|0x0000000084100000, 0x0000000084100000, 0x0000000084200000|  0%| F|  |TAMS 0x0000000084100000, 0x0000000084100000| Untracked 
|  38|0x0000000084200000, 0x000000008424c160, 0x0000000084300000| 29%| S|CS|TAMS 0x0000000084200000, 0x0000000084200000| Complete 
|  39|0x0000000084300000, 0x0000000084400000, 0x0000000084400000|100%| S|CS|TAMS 0x0000000084300000, 0x0000000084300000| Complete 
|  40|0x0000000084400000, 0x0000000084400000, 0x0000000084500000|  0%| F|  |TAMS 0x0000000084400000, 0x0000000084400000| Untracked 
|  41|0x0000000084500000, 0x0000000084500000, 0x0000000084600000|  0%| F|  |TAMS 0x0000000084500000, 0x0000000084500000| Untracked 
|  42|0x0000000084600000, 0x0000000084600000, 0x0000000084700000|  0%| F|  |TAMS 0x0000000084600000, 0x0000000084600000| Untracked 
|  43|0x0000000084700000, 0x0000000084700000, 0x0000000084800000|  0%| F|  |TAMS 0x0000000084700000, 0x0000000084700000| Untracked 
|  44|0x0000000084800000, 0x0000000084800000, 0x0000000084900000|  0%| F|  |TAMS 0x0000000084800000, 0x0000000084800000| Untracked 
|  45|0x0000000084900000, 0x0000000084900000, 0x0000000084a00000|  0%| F|  |TAMS 0x0000000084900000, 0x0000000084900000| Untracked 
|  46|0x0000000084a00000, 0x0000000084a00000, 0x0000000084b00000|  0%| F|  |TAMS 0x0000000084a00000, 0x0000000084a00000| Untracked 
|  47|0x0000000084b00000, 0x0000000084b00000, 0x0000000084c00000|  0%| F|  |TAMS 0x0000000084b00000, 0x0000000084b00000| Untracked 
|  48|0x0000000084c00000, 0x0000000084c00000, 0x0000000084d00000|  0%| F|  |TAMS 0x0000000084c00000, 0x0000000084c00000| Untracked 
|  49|0x0000000084d00000, 0x0000000084d00000, 0x0000000084e00000|  0%| F|  |TAMS 0x0000000084d00000, 0x0000000084d00000| Untracked 
|  50|0x0000000084e00000, 0x0000000084e00000, 0x0000000084f00000|  0%| F|  |TAMS 0x0000000084e00000, 0x0000000084e00000| Untracked 
|  96|0x0000000087c00000, 0x0000000087c00000, 0x0000000087d00000|  0%| F|  |TAMS 0x0000000087c00000, 0x0000000087c00000| Untracked 
|  97|0x0000000087d00000, 0x0000000087d00000, 0x0000000087e00000|  0%| F|  |TAMS 0x0000000087d00000, 0x0000000087d00000| Untracked 
|  98|0x0000000087e00000, 0x0000000087e00000, 0x0000000087f00000|  0%| F|  |TAMS 0x0000000087e00000, 0x0000000087e00000| Untracked 
|  99|0x0000000087f00000, 0x0000000087f00000, 0x0000000088000000|  0%| F|  |TAMS 0x0000000087f00000, 0x0000000087f00000| Untracked 
| 100|0x0000000088000000, 0x0000000088000000, 0x0000000088100000|  0%| F|  |TAMS 0x0000000088000000, 0x0000000088000000| Untracked 
| 127|0x0000000089b00000, 0x0000000089b00000, 0x0000000089c00000|  0%| F|  |TAMS 0x0000000089b00000, 0x0000000089b00000| Untracked 

Card table byte_map: [0x000001ae46ac0000,0x000001ae46ec0000] _byte_map_base: 0x000001ae466b2000

Marking Bits (Prev, Next): (CMBitMap*) 0x000001ae34243220, (CMBitMap*) 0x000001ae342431e0
 Prev Bits: [0x000001ae49250000, 0x000001ae4b1e0000)
 Next Bits: [0x000001ae472c0000, 0x000001ae49250000)

Polling page: 0x000001ae321c0000

Metaspace:

Usage:
  Non-class:     41.52 MB used.
      Class:      5.73 MB used.
       Both:     47.25 MB used.

Virtual space:
  Non-class space:       64.00 MB reserved,      41.63 MB ( 65%) committed,  1 nodes.
      Class space:        1.00 GB reserved,       5.81 MB ( <1%) committed,  1 nodes.
             Both:        1.06 GB reserved,      47.44 MB (  4%) committed. 

Chunk freelists:
   Non-Class:  6.20 MB
       Class:  10.14 MB
        Both:  16.34 MB

MaxMetaspaceSize: unlimited
CompressedClassSpaceSize: 1.00 GB
Initial GC threshold: 21.00 MB
Current GC threshold: 65.94 MB
CDS: off
MetaspaceReclaimPolicy: balanced
 - commit_granule_bytes: 65536.
 - commit_granule_words: 8192.
 - virtual_space_node_default_size: 8388608.
 - enlarge_chunks_in_place: 1.
 - new_chunks_are_fully_committed: 0.
 - uncommit_free_chunks: 1.
 - use_allocation_guard: 0.
 - handle_deallocations: 1.


Internal statistics:

num_allocs_failed_limit: 9.
num_arena_births: 180.
num_arena_deaths: 0.
num_vsnodes_births: 2.
num_vsnodes_deaths: 0.
num_space_committed: 757.
num_space_uncommitted: 0.
num_chunks_returned_to_freelist: 9.
num_chunks_taken_from_freelist: 1579.
num_chunk_merges: 6.
num_chunk_splits: 1315.
num_chunks_enlarged: 1181.
num_inconsistent_stats: 0.

CodeHeap 'non-profiled nmethods': size=120000Kb used=1556Kb max_used=1556Kb free=118443Kb
 bounds [0x000001ae3f190000, 0x000001ae3f400000, 0x000001ae466c0000]
CodeHeap 'profiled nmethods': size=120000Kb used=7131Kb max_used=7131Kb free=112868Kb
 bounds [0x000001ae376c0000, 0x000001ae37dc0000, 0x000001ae3ebf0000]
CodeHeap 'non-nmethods': size=5760Kb used=1270Kb max_used=1321Kb free=4489Kb
 bounds [0x000001ae3ebf0000, 0x000001ae3ee60000, 0x000001ae3f190000]
 total_blobs=4051 nmethods=3469 adapters=493
 compilation: enabled
              stopped_count=0, restarted_count=0
 full_count=0

Compilation events (20 events):
Event: 4.050 Thread 0x000001ae4d8a3b90 3477       2       org.jetbrains.kotlin.serialization.deserialization.DeserializationContext::<init> (170 bytes)
Event: 4.053 Thread 0x000001ae4d8a3b90 nmethod 3477 0x000001ae37dafe90 code [0x000001ae37db02c0, 0x000001ae37db15d8]
Event: 4.053 Thread 0x000001ae4d8a3b90 3479       2       org.jetbrains.kotlin.serialization.deserialization.TypeDeserializer::<init> (230 bytes)
Event: 4.054 Thread 0x000001ae4d8a3b90 nmethod 3479 0x000001ae37db2090 code [0x000001ae37db2400, 0x000001ae37db3418]
Event: 4.054 Thread 0x000001ae4d8a3b90 3481       2       java.util.LinkedHashMap::entrySet (27 bytes)
Event: 4.055 Thread 0x000001ae4d8a3b90 nmethod 3481 0x000001ae37db3d10 code [0x000001ae37db3ec0, 0x000001ae37db4118]
Event: 4.055 Thread 0x000001ae4d8a3b90 3480       2       java.util.LinkedHashMap::<init> (11 bytes)
Event: 4.055 Thread 0x000001ae4d8a3b90 nmethod 3480 0x000001ae37db4190 code [0x000001ae37db4340, 0x000001ae37db4488]
Event: 4.055 Thread 0x000001ae4d8a3b90 3482       2       java.util.LinkedHashMap$LinkedEntrySet::iterator (12 bytes)
Event: 4.055 Thread 0x000001ae4d8a3b90 nmethod 3482 0x000001ae37db4590 code [0x000001ae37db4740, 0x000001ae37db49d8]
Event: 4.055 Thread 0x000001ae4d8a3b90 3483       2       java.util.LinkedHashMap$LinkedEntryIterator::<init> (11 bytes)
Event: 4.055 Thread 0x000001ae4d8a3b90 nmethod 3483 0x000001ae37db4b10 code [0x000001ae37db4ca0, 0x000001ae37db4ef8]
Event: 4.055 Thread 0x000001ae4d8a3b90 3478       1       org.jetbrains.kotlin.load.kotlin.JvmPackagePartSource::getClassName (5 bytes)
Event: 4.055 Thread 0x000001ae4d8a3b90 nmethod 3478 0x000001ae3f314a90 code [0x000001ae3f314c20, 0x000001ae3f314cf8]
Event: 4.057 Thread 0x000001ae4d8a3b90 3485       2       org.jetbrains.kotlin.serialization.deserialization.descriptors.DeserializedMemberScope$OptimizedImplementation::packToByteArray (262 bytes)
Event: 4.058 Thread 0x000001ae4d8a3b90 nmethod 3485 0x000001ae37db4f90 code [0x000001ae37db52e0, 0x000001ae37db5e48]
Event: 4.060 Thread 0x000001ae4d8a3b90 3488       1       org.jetbrains.kotlin.resolve.CompilerDeserializationConfiguration::getSkipMetadataVersionCheck (5 bytes)
Event: 4.060 Thread 0x000001ae4d8a3b90 nmethod 3488 0x000001ae3f314d90 code [0x000001ae3f314f20, 0x000001ae3f314ff8]
Event: 4.064 Thread 0x000001ae4d8a3b90 3490       2       org.jetbrains.kotlin.metadata.jvm.JvmProtoBuf$StringTableTypes$Record$Operation::valueOf (42 bytes)
Event: 4.064 Thread 0x000001ae4d8a3b90 nmethod 3490 0x000001ae37db6890 code [0x000001ae37db6a40, 0x000001ae37db6bd8]

GC Heap History (20 events):
Event: 1.246 GC heap after
{Heap after GC invocations=3 (full 0):
 garbage-first heap   total 131072K, used 10456K [0x0000000081c00000, 0x0000000100000000)
  region size 1024K, 5 young (5120K), 5 survivors (5120K)
 Metaspace       used 21314K, committed 21504K, reserved 1114112K
  class space    used 2329K, committed 2432K, reserved 1048576K
}
Event: 1.681 GC heap before
{Heap before GC invocations=4 (full 0):
 garbage-first heap   total 45056K, used 31960K [0x0000000081c00000, 0x0000000100000000)
  region size 1024K, 26 young (26624K), 5 survivors (5120K)
 Metaspace       used 28176K, committed 28416K, reserved 1114112K
  class space    used 3415K, committed 3520K, reserved 1048576K
}
Event: 1.691 GC heap after
{Heap after GC invocations=5 (full 0):
 garbage-first heap   total 45056K, used 11522K [0x0000000081c00000, 0x0000000100000000)
  region size 1024K, 2 young (2048K), 2 survivors (2048K)
 Metaspace       used 28176K, committed 28416K, reserved 1114112K
  class space    used 3415K, committed 3520K, reserved 1048576K
}
Event: 1.728 GC heap before
{Heap before GC invocations=5 (full 0):
 garbage-first heap   total 45056K, used 11522K [0x0000000081c00000, 0x0000000100000000)
  region size 1024K, 3 young (3072K), 2 survivors (2048K)
 Metaspace       used 28602K, committed 28800K, reserved 1114112K
  class space    used 3568K, committed 3648K, reserved 1048576K
}
Event: 1.731 GC heap after
{Heap after GC invocations=6 (full 0):
 garbage-first heap   total 45056K, used 11582K [0x0000000081c00000, 0x0000000100000000)
  region size 1024K, 1 young (1024K), 1 survivors (1024K)
 Metaspace       used 28602K, committed 28800K, reserved 1114112K
  class space    used 3568K, committed 3648K, reserved 1048576K
}
Event: 2.153 GC heap before
{Heap before GC invocations=6 (full 0):
 garbage-first heap   total 45056K, used 33086K [0x0000000081c00000, 0x0000000100000000)
  region size 1024K, 21 young (21504K), 1 survivors (1024K)
 Metaspace       used 29368K, committed 29568K, reserved 1114112K
  class space    used 3621K, committed 3712K, reserved 1048576K
}
Event: 2.163 GC heap after
{Heap after GC invocations=7 (full 0):
 garbage-first heap   total 45056K, used 18727K [0x0000000081c00000, 0x0000000100000000)
  region size 1024K, 3 young (3072K), 3 survivors (3072K)
 Metaspace       used 29368K, committed 29568K, reserved 1114112K
  class space    used 3621K, committed 3712K, reserved 1048576K
}
Event: 2.405 GC heap before
{Heap before GC invocations=7 (full 0):
 garbage-first heap   total 45056K, used 32039K [0x0000000081c00000, 0x0000000100000000)
  region size 1024K, 16 young (16384K), 3 survivors (3072K)
 Metaspace       used 32459K, committed 32704K, reserved 1114112K
  class space    used 4173K, committed 4288K, reserved 1048576K
}
Event: 2.416 GC heap after
{Heap after GC invocations=8 (full 0):
 garbage-first heap   total 58368K, used 20735K [0x0000000081c00000, 0x0000000100000000)
  region size 1024K, 2 young (2048K), 2 survivors (2048K)
 Metaspace       used 32459K, committed 32704K, reserved 1114112K
  class space    used 4173K, committed 4288K, reserved 1048576K
}
Event: 2.826 GC heap before
{Heap before GC invocations=8 (full 0):
 garbage-first heap   total 58368K, used 40191K [0x0000000081c00000, 0x0000000100000000)
  region size 1024K, 22 young (22528K), 2 survivors (2048K)
 Metaspace       used 35983K, committed 36160K, reserved 1114112K
  class space    used 4558K, committed 4672K, reserved 1048576K
}
Event: 2.834 GC heap after
{Heap after GC invocations=9 (full 0):
 garbage-first heap   total 58368K, used 21359K [0x0000000081c00000, 0x0000000100000000)
  region size 1024K, 3 young (3072K), 3 survivors (3072K)
 Metaspace       used 35983K, committed 36160K, reserved 1114112K
  class space    used 4558K, committed 4672K, reserved 1048576K
}
Event: 3.149 GC heap before
{Heap before GC invocations=10 (full 0):
 garbage-first heap   total 58368K, used 40815K [0x0000000081c00000, 0x0000000100000000)
  region size 1024K, 22 young (22528K), 3 survivors (3072K)
 Metaspace       used 39963K, committed 40192K, reserved 1114112K
  class space    used 4906K, committed 4992K, reserved 1048576K
}
Event: 3.156 GC heap after
{Heap after GC invocations=11 (full 0):
 garbage-first heap   total 58368K, used 23713K [0x0000000081c00000, 0x0000000100000000)
  region size 1024K, 3 young (3072K), 3 survivors (3072K)
 Metaspace       used 39963K, committed 40192K, reserved 1114112K
  class space    used 4906K, committed 4992K, reserved 1048576K
}
Event: 3.558 GC heap before
{Heap before GC invocations=12 (full 0):
 garbage-first heap   total 58368K, used 43169K [0x0000000081c00000, 0x0000000100000000)
  region size 1024K, 22 young (22528K), 3 survivors (3072K)
 Metaspace       used 44563K, committed 44800K, reserved 1114112K
  class space    used 5448K, committed 5568K, reserved 1048576K
}
Event: 3.564 GC heap after
{Heap after GC invocations=13 (full 0):
 garbage-first heap   total 58368K, used 24984K [0x0000000081c00000, 0x0000000100000000)
  region size 1024K, 2 young (2048K), 2 survivors (2048K)
 Metaspace       used 44563K, committed 44800K, reserved 1114112K
  class space    used 5448K, committed 5568K, reserved 1048576K
}
Event: 3.584 GC heap before
{Heap before GC invocations=13 (full 0):
 garbage-first heap   total 58368K, used 24984K [0x0000000081c00000, 0x0000000100000000)
  region size 1024K, 3 young (3072K), 2 survivors (2048K)
 Metaspace       used 44705K, committed 44928K, reserved 1114112K
  class space    used 5465K, committed 5568K, reserved 1048576K
}
Event: 3.589 GC heap after
{Heap after GC invocations=14 (full 0):
 garbage-first heap   total 58368K, used 24809K [0x0000000081c00000, 0x0000000100000000)
  region size 1024K, 1 young (1024K), 1 survivors (1024K)
 Metaspace       used 44705K, committed 44928K, reserved 1114112K
  class space    used 5465K, committed 5568K, reserved 1048576K
}
Event: 3.996 GC heap before
{Heap before GC invocations=14 (full 0):
 garbage-first heap   total 58368K, used 45289K [0x0000000081c00000, 0x0000000100000000)
  region size 1024K, 20 young (20480K), 1 survivors (1024K)
 Metaspace       used 48311K, committed 48512K, reserved 1114112K
  class space    used 5863K, committed 5952K, reserved 1048576K
}
Event: 4.002 GC heap after
{Heap after GC invocations=15 (full 0):
 garbage-first heap   total 58368K, used 26663K [0x0000000081c00000, 0x0000000100000000)
  region size 1024K, 3 young (3072K), 3 survivors (3072K)
 Metaspace       used 48311K, committed 48512K, reserved 1114112K
  class space    used 5863K, committed 5952K, reserved 1048576K
}
Event: 4.074 GC heap before
{Heap before GC invocations=15 (full 0):
 garbage-first heap   total 58368K, used 44071K [0x0000000081c00000, 0x0000000100000000)
  region size 1024K, 20 young (20480K), 3 survivors (3072K)
 Metaspace       used 48384K, committed 48576K, reserved 1114112K
  class space    used 5863K, committed 5952K, reserved 1048576K
}

Dll operation events (2 events):
Event: 0.006 Loaded shared library C:\Program Files\Android\Android Studio\jbr\bin\java.dll
Event: 1.503 Loaded shared library C:\Program Files\Android\Android Studio\jbr\bin\verify.dll

Deoptimization events (20 events):
Event: 3.555 Thread 0x000001ae341e6f00 Uncommon trap: trap_request=0xffffffc6 fr.pc=0x000001ae3f28a808 relative=0x0000000000000628
Event: 3.555 Thread 0x000001ae341e6f00 Uncommon trap: reason=bimorphic_or_optimized_type_check action=maybe_recompile pc=0x000001ae3f28a808 method=org.jetbrains.kotlin.protobuf.CodedInputStream.tryRefillBuffer(I)Z @ 177 c2
Event: 3.555 Thread 0x000001ae341e6f00 DEOPT PACKING pc=0x000001ae3f28a808 sp=0x00000013ad8f90e0
Event: 3.555 Thread 0x000001ae341e6f00 DEOPT UNPACKING pc=0x000001ae3ec469a3 sp=0x00000013ad8f8fc0 mode 2
Event: 3.564 Thread 0x000001ae341e6f00 Uncommon trap: trap_request=0xffffffc6 fr.pc=0x000001ae3f28a808 relative=0x0000000000000628
Event: 3.564 Thread 0x000001ae341e6f00 Uncommon trap: reason=bimorphic_or_optimized_type_check action=maybe_recompile pc=0x000001ae3f28a808 method=org.jetbrains.kotlin.protobuf.CodedInputStream.tryRefillBuffer(I)Z @ 177 c2
Event: 3.564 Thread 0x000001ae341e6f00 DEOPT PACKING pc=0x000001ae3f28a808 sp=0x00000013ad8f90e0
Event: 3.565 Thread 0x000001ae341e6f00 DEOPT UNPACKING pc=0x000001ae3ec469a3 sp=0x00000013ad8f8fc0 mode 2
Event: 3.565 Thread 0x000001ae341e6f00 Uncommon trap: trap_request=0xffffffc6 fr.pc=0x000001ae3f28a808 relative=0x0000000000000628
Event: 3.565 Thread 0x000001ae341e6f00 Uncommon trap: reason=bimorphic_or_optimized_type_check action=maybe_recompile pc=0x000001ae3f28a808 method=org.jetbrains.kotlin.protobuf.CodedInputStream.tryRefillBuffer(I)Z @ 177 c2
Event: 3.565 Thread 0x000001ae341e6f00 DEOPT PACKING pc=0x000001ae3f28a808 sp=0x00000013ad8f9710
Event: 3.565 Thread 0x000001ae341e6f00 DEOPT UNPACKING pc=0x000001ae3ec469a3 sp=0x00000013ad8f95f8 mode 2
Event: 3.618 Thread 0x000001ae341e6f00 Uncommon trap: trap_request=0xffffffc6 fr.pc=0x000001ae3f289918 relative=0x00000000000002d8
Event: 3.618 Thread 0x000001ae341e6f00 Uncommon trap: reason=bimorphic_or_optimized_type_check action=maybe_recompile pc=0x000001ae3f289918 method=org.jetbrains.kotlin.protobuf.CodedInputStream.tryRefillBuffer(I)Z @ 177 c2
Event: 3.618 Thread 0x000001ae341e6f00 DEOPT PACKING pc=0x000001ae3f289918 sp=0x00000013ad8f9be0
Event: 3.618 Thread 0x000001ae341e6f00 DEOPT UNPACKING pc=0x000001ae3ec469a3 sp=0x00000013ad8f9b18 mode 2
Event: 3.763 Thread 0x000001ae341e6f00 Uncommon trap: trap_request=0xffffffcc fr.pc=0x000001ae3f2edae4 relative=0x0000000000000344
Event: 3.763 Thread 0x000001ae341e6f00 Uncommon trap: reason=intrinsic_or_type_checked_inlining action=make_not_entrant pc=0x000001ae3f2edae4 method=java.util.Arrays.copyOf([Ljava/lang/Object;ILjava/lang/Class;)[Ljava/lang/Object; @ 35 c2
Event: 3.763 Thread 0x000001ae341e6f00 DEOPT PACKING pc=0x000001ae3f2edae4 sp=0x00000013ad8fd720
Event: 3.763 Thread 0x000001ae341e6f00 DEOPT UNPACKING pc=0x000001ae3ec469a3 sp=0x00000013ad8fd6b0 mode 2

Classes unloaded (0 events):
No events

Classes redefined (0 events):
No events

Internal exceptions (20 events):
Event: 1.298 Thread 0x000001ae341e6f00 Exception <a 'java/lang/NoSuchMethodError'{0x0000000083f71b58}: 'int java.lang.invoke.DelegatingMethodHandle$Holder.reinvoke_L(java.lang.Object, java.lang.Object, java.lang.Object, long, java.lang.Object, java.lang.Object)'> (0x0000000083f71b58) 
thrown [s\src\hotspot\share\interpreter\linkResolver.cpp, line 771]
Event: 1.300 Thread 0x000001ae341e6f00 Exception <a 'java/lang/NoSuchMethodError'{0x0000000083f80788}: 'int java.lang.invoke.DelegatingMethodHandle$Holder.reinvoke_L(java.lang.Object, java.lang.Object, java.lang.Object, long, int, int)'> (0x0000000083f80788) 
thrown [s\src\hotspot\share\interpreter\linkResolver.cpp, line 771]
Event: 1.301 Thread 0x000001ae341e6f00 Exception <a 'java/lang/NoSuchMethodError'{0x0000000083f8f320}: 'int java.lang.invoke.DelegatingMethodHandle$Holder.reinvoke_L(java.lang.Object, java.lang.Object, java.lang.Object, long, long, long)'> (0x0000000083f8f320) 
thrown [s\src\hotspot\share\interpreter\linkResolver.cpp, line 771]
Event: 1.304 Thread 0x000001ae341e6f00 Exception <a 'java/lang/NoSuchMethodError'{0x0000000083f9d938}: 'int java.lang.invoke.DelegatingMethodHandle$Holder.reinvoke_L(java.lang.Object, java.lang.Object, java.lang.Object, long, int)'> (0x0000000083f9d938) 
thrown [s\src\hotspot\share\interpreter\linkResolver.cpp, line 771]
Event: 1.322 Thread 0x000001ae341e6f00 Exception <a 'java/lang/NoSuchMethodError'{0x0000000083e455f8}: 'int java.lang.invoke.DirectMethodHandle$Holder.invokeStaticInit(java.lang.Object, java.lang.Object, java.lang.Object)'> (0x0000000083e455f8) 
thrown [s\src\hotspot\share\interpreter\linkResolver.cpp, line 771]
Event: 1.327 Thread 0x000001ae341e6f00 Exception <a 'java/lang/NoSuchMethodError'{0x0000000083e6d700}: 'int java.lang.invoke.DirectMethodHandle$Holder.invokeStaticInit(java.lang.Object, java.lang.Object)'> (0x0000000083e6d700) 
thrown [s\src\hotspot\share\interpreter\linkResolver.cpp, line 771]
Event: 1.342 Thread 0x000001ae341e6f00 Exception <a 'java/lang/NoSuchMethodError'{0x0000000083d4cd40}: 'void java.lang.invoke.DirectMethodHandle$Holder.invokeSpecial(java.lang.Object, java.lang.Object, java.lang.Object)'> (0x0000000083d4cd40) 
thrown [s\src\hotspot\share\interpreter\linkResolver.cpp, line 771]
Event: 1.402 Thread 0x000001ae341e6f00 Exception <a 'java/lang/NoSuchMethodError'{0x0000000083a74dd0}: 'void java.lang.invoke.DirectMethodHandle$Holder.invokeStatic(java.lang.Object, java.lang.Object, java.lang.Object, java.lang.Object)'> (0x0000000083a74dd0) 
thrown [s\src\hotspot\share\interpreter\linkResolver.cpp, line 771]
Event: 1.468 Thread 0x000001ae341e6f00 Exception <a 'java/lang/NoSuchMethodError'{0x0000000083638928}: 'void java.lang.invoke.DirectMethodHandle$Holder.invokeStaticInit(java.lang.Object, java.lang.Object)'> (0x0000000083638928) 
thrown [s\src\hotspot\share\interpreter\linkResolver.cpp, line 771]
Event: 1.574 Thread 0x000001ae341e6f00 Exception <a 'java/lang/NoSuchMethodError'{0x00000000831cacf0}: 'void java.lang.invoke.DirectMethodHandle$Holder.invokeVirtual(java.lang.Object, java.lang.Object)'> (0x00000000831cacf0) 
thrown [s\src\hotspot\share\interpreter\linkResolver.cpp, line 771]
Event: 1.582 Thread 0x000001ae341e6f00 Exception <a 'java/lang/NoSuchMethodError'{0x0000000083016730}: 'int java.lang.invoke.DirectMethodHandle$Holder.invokeVirtual(java.lang.Object, java.lang.Object)'> (0x0000000083016730) 
thrown [s\src\hotspot\share\interpreter\linkResolver.cpp, line 771]
Event: 1.598 Thread 0x000001ae341e6f00 Exception <a 'java/lang/NoSuchMethodError'{0x00000000830af230}: 'java.lang.Object java.lang.invoke.Invokers$Holder.invokeExact_MT(java.lang.Object, java.lang.Object, java.lang.Object, java.lang.Object, java.lang.Object, java.lang.Object)'> (0x00000000830af230) 
thrown [s\src\hotspot\share\interpreter\linkResolver.cpp, line 771]
Event: 2.370 Thread 0x000001ae341e6f00 Implicit null exception at 0x000001ae3f1a9072 to 0x000001ae3f1a968c
Event: 2.520 Thread 0x000001ae341e6f00 Implicit null exception at 0x000001ae3f1aa872 to 0x000001ae3f1aaeac
Event: 2.578 Thread 0x000001ae341e6f00 Exception <a 'java/lang/NoSuchMethodError'{0x0000000084d6e0f0}: 'java.lang.Object java.lang.invoke.DirectMethodHandle$Holder.invokeVirtual(java.lang.Object, java.lang.Object, java.lang.Object)'> (0x0000000084d6e0f0) 
thrown [s\src\hotspot\share\interpreter\linkResolver.cpp, line 771]
Event: 3.402 Thread 0x000001ae341e6f00 Exception <a 'java/lang/NoSuchMethodError'{0x00000000847c4430}: 'java.lang.Object java.lang.invoke.DirectMethodHandle$Holder.newInvokeSpecial(java.lang.Object, java.lang.Object, int)'> (0x00000000847c4430) 
thrown [s\src\hotspot\share\interpreter\linkResolver.cpp, line 771]
Event: 3.450 Thread 0x000001ae341e6f00 Implicit null exception at 0x000001ae3f2c344c to 0x000001ae3f2c3540
Event: 3.504 Thread 0x000001ae341e6f00 Exception <a 'java/lang/NoSuchMethodError'{0x00000000845cb300}: 'java.lang.Object java.lang.invoke.DirectMethodHandle$Holder.newInvokeSpecial(java.lang.Object, java.lang.Object, java.lang.Object, int)'> (0x00000000845cb300) 
thrown [s\src\hotspot\share\interpreter\linkResolver.cpp, line 771]
Event: 3.505 Thread 0x000001ae341e6f00 Exception <a 'java/lang/NoSuchMethodError'{0x00000000845cf988}: 'java.lang.Object java.lang.invoke.DirectMethodHandle$Holder.invokeSpecial(java.lang.Object, java.lang.Object, java.lang.Object, java.lang.Object, int)'> (0x00000000845cf988) 
thrown [s\src\hotspot\share\interpreter\linkResolver.cpp, line 771]
Event: 3.505 Thread 0x000001ae341e6f00 Exception <a 'java/lang/NoSuchMethodError'{0x00000000845d37f8}: 'java.lang.Object java.lang.invoke.Invokers$Holder.linkToTargetMethod(java.lang.Object, java.lang.Object, int, java.lang.Object)'> (0x00000000845d37f8) 
thrown [s\src\hotspot\share\interpreter\linkResolver.cpp, line 771]

VM Operations (20 events):
Event: 3.205 Executing VM operation: G1PauseCleanup done
Event: 3.386 Executing VM operation: HandshakeAllThreads
Event: 3.386 Executing VM operation: HandshakeAllThreads done
Event: 3.479 Executing VM operation: HandshakeAllThreads
Event: 3.479 Executing VM operation: HandshakeAllThreads done
Event: 3.558 Executing VM operation: G1CollectForAllocation
Event: 3.564 Executing VM operation: G1CollectForAllocation done
Event: 3.584 Executing VM operation: G1CollectForAllocation
Event: 3.589 Executing VM operation: G1CollectForAllocation done
Event: 3.616 Executing VM operation: HandshakeAllThreads
Event: 3.616 Executing VM operation: HandshakeAllThreads done
Event: 3.684 Executing VM operation: HandshakeAllThreads
Event: 3.684 Executing VM operation: HandshakeAllThreads done
Event: 3.845 Executing VM operation: HandshakeAllThreads
Event: 3.845 Executing VM operation: HandshakeAllThreads done
Event: 3.916 Executing VM operation: ICBufferFull
Event: 3.916 Executing VM operation: ICBufferFull done
Event: 3.996 Executing VM operation: G1CollectForAllocation
Event: 4.002 Executing VM operation: G1CollectForAllocation done
Event: 4.074 Executing VM operation: G1CollectForAllocation

Events (20 events):
Event: 3.729 loading class java/util/stream/IntStream
Event: 3.730 loading class java/util/stream/IntStream done
Event: 3.730 loading class java/util/stream/IntPipeline$Head
Event: 3.730 loading class java/util/stream/IntPipeline
Event: 3.730 loading class java/util/stream/IntPipeline done
Event: 3.730 loading class java/util/stream/IntPipeline$Head done
Event: 3.731 loading class java/util/stream/IntPipeline$1
Event: 3.731 loading class java/util/stream/IntPipeline$1 done
Event: 3.731 loading class java/util/stream/ReferencePipeline$2
Event: 3.732 loading class java/util/stream/ReferencePipeline$2 done
Event: 3.733 loading class java/util/stream/ReferencePipeline$2$1
Event: 3.733 loading class java/util/stream/ReferencePipeline$2$1 done
Event: 3.733 loading class java/util/stream/IntPipeline$1$1
Event: 3.733 loading class java/util/stream/Sink$ChainedInt
Event: 3.733 loading class java/util/stream/Sink$OfInt
Event: 3.733 loading class java/util/function/IntConsumer
Event: 3.733 loading class java/util/function/IntConsumer done
Event: 3.733 loading class java/util/stream/Sink$OfInt done
Event: 3.733 loading class java/util/stream/Sink$ChainedInt done
Event: 3.733 loading class java/util/stream/IntPipeline$1$1 done


Dynamic libraries:
0x00007ff651930000 - 0x00007ff65193a000 	C:\Program Files\Android\Android Studio\jbr\bin\java.exe
0x00007ffa52fc0000 - 0x00007ffa531b0000 	C:\Windows\SYSTEM32\ntdll.dll
0x00007ffa52aa0000 - 0x00007ffa52b52000 	C:\Windows\System32\KERNEL32.DLL
0x00007ffa50cc0000 - 0x00007ffa50f65000 	C:\Windows\System32\KERNELBASE.dll
0x00007ffa50130000 - 0x00007ffa5022a000 	C:\Windows\System32\ucrtbase.dll
0x00007ffa4a860000 - 0x00007ffa4a87b000 	C:\Program Files\Android\Android Studio\jbr\bin\VCRUNTIME140.dll
0x00007ffa350c0000 - 0x00007ffa350d7000 	C:\Program Files\Android\Android Studio\jbr\bin\jli.dll
0x00007ffa51350000 - 0x00007ffa514e4000 	C:\Windows\System32\USER32.dll
0x00007ffa509f0000 - 0x00007ffa50a11000 	C:\Windows\System32\win32u.dll
0x00007ffa51310000 - 0x00007ffa51336000 	C:\Windows\System32\GDI32.dll
0x00007ffa50a80000 - 0x00007ffa50c16000 	C:\Windows\System32\gdi32full.dll
0x00007ffa50c20000 - 0x00007ffa50cbe000 	C:\Windows\System32\msvcp_win.dll
0x00007ffa3bca0000 - 0x00007ffa3bf24000 	C:\Windows\WinSxS\amd64_microsoft.windows.common-controls_6595b64144ccf1df_6.0.18362.1256_none_9e7e379be45e40e2\COMCTL32.dll
0x00007ffa528b0000 - 0x00007ffa5294e000 	C:\Windows\System32\msvcrt.dll
0x00007ffa52560000 - 0x00007ffa52896000 	C:\Windows\System32\combase.dll
0x00007ffa51730000 - 0x00007ffa51850000 	C:\Windows\System32\RPCRT4.dll
0x00007ffa50fe0000 - 0x00007ffa51061000 	C:\Windows\System32\bcryptPrimitives.dll
0x00007ffa51550000 - 0x00007ffa5157e000 	C:\Windows\System32\IMM32.DLL
0x00007ffa4abc0000 - 0x00007ffa4abcc000 	C:\Program Files\Android\Android Studio\jbr\bin\vcruntime140_1.dll
0x00007ffa48790000 - 0x00007ffa4881d000 	C:\Program Files\Android\Android Studio\jbr\bin\msvcp140.dll
0x00007ffa02d80000 - 0x00007ffa03a03000 	C:\Program Files\Android\Android Studio\jbr\bin\server\jvm.dll
0x00007ffa51260000 - 0x00007ffa51303000 	C:\Windows\System32\ADVAPI32.dll
0x00007ffa52ee0000 - 0x00007ffa52f77000 	C:\Windows\System32\sechost.dll
0x00007ffa4fe70000 - 0x00007ffa4feba000 	C:\Windows\System32\POWRPROF.dll
0x00007ffa4fe60000 - 0x00007ffa4fe70000 	C:\Windows\System32\UMPDC.dll
0x00007ffa49b50000 - 0x00007ffa49b5a000 	C:\Windows\SYSTEM32\VERSION.dll
0x00007ffa3b6f0000 - 0x00007ffa3b6f9000 	C:\Windows\SYSTEM32\WSOCK32.dll
0x00007ffa515e0000 - 0x00007ffa5164f000 	C:\Windows\System32\WS2_32.dll
0x00007ffa4cce0000 - 0x00007ffa4cd04000 	C:\Windows\SYSTEM32\WINMM.dll
0x00007ffa4ccb0000 - 0x00007ffa4ccdd000 	C:\Windows\SYSTEM32\WINMMBASE.dll
0x00007ffa50f90000 - 0x00007ffa50fda000 	C:\Windows\System32\cfgmgr32.dll
0x00007ffa4fec0000 - 0x00007ffa4fed1000 	C:\Windows\System32\kernel.appcore.dll
0x00007ffa49420000 - 0x00007ffa4942a000 	C:\Program Files\Android\Android Studio\jbr\bin\jimage.dll
0x00007ffa4e580000 - 0x00007ffa4e774000 	C:\Windows\SYSTEM32\DBGHELP.DLL
0x00007ffa3aa70000 - 0x00007ffa3aa9a000 	C:\Windows\SYSTEM32\dbgcore.DLL
0x00007ffa493f0000 - 0x00007ffa49415000 	C:\Program Files\Android\Android Studio\jbr\bin\java.dll
0x00007ffa46590000 - 0x00007ffa465a8000 	C:\Program Files\Android\Android Studio\jbr\bin\zip.dll
0x00007ffa51850000 - 0x00007ffa51f37000 	C:\Windows\System32\SHELL32.dll
0x00007ffa51070000 - 0x00007ffa51119000 	C:\Windows\System32\shcore.dll
0x00007ffa50230000 - 0x00007ffa509b1000 	C:\Windows\System32\windows.storage.dll
0x00007ffa4ff00000 - 0x00007ffa4ff23000 	C:\Windows\System32\profapi.dll
0x00007ffa51580000 - 0x00007ffa515d2000 	C:\Windows\System32\shlwapi.dll
0x00007ffa50f70000 - 0x00007ffa50f87000 	C:\Windows\System32\cryptsp.dll
0x00007ffa46570000 - 0x00007ffa46589000 	C:\Program Files\Android\Android Studio\jbr\bin\net.dll
0x00007ffa47530000 - 0x00007ffa47620000 	C:\Windows\SYSTEM32\WINHTTP.dll
0x00007ffa4f6b0000 - 0x00007ffa4f717000 	C:\Windows\system32\mswsock.dll
0x00007ffa44500000 - 0x00007ffa44516000 	C:\Program Files\Android\Android Studio\jbr\bin\nio.dll
0x00007ffa3d650000 - 0x00007ffa3d660000 	C:\Program Files\Android\Android Studio\jbr\bin\verify.dll

dbghelp: loaded successfully - version: 4.0.5 - missing functions: none
symbol engine: initialized successfully - sym options: 0x614 - pdb path: .;C:\Program Files\Android\Android Studio\jbr\bin;C:\Windows\SYSTEM32;C:\Windows\WinSxS\amd64_microsoft.windows.common-controls_6595b64144ccf1df_6.0.18362.1256_none_9e7e379be45e40e2;C:\Program Files\Android\Android Studio\jbr\bin\server

VM Arguments:
java_command: org.jetbrains.kotlin.cli.jvm.K2JVMCompiler @C:\Users\Esapace_info\AndroidStudioProjects\InsuranceApp\app\build\20240604_2278718595314239365.compiler.options
java_class_path (initial): C:\Users\Esapace_info\.gradle\caches\modules-2\files-2.1\org.jetbrains.kotlin\kotlin-compiler-embeddable\1.9.0\2c8c3a7402becca891f12739b3e9fd2dc2adbd7a\kotlin-compiler-embeddable-1.9.0.jar;C:\Users\Esapace_info\.gradle\caches\modules-2\files-2.1\org.jetbrains.kotlin\kotlin-stdlib\1.9.0\8ee15ef0c67dc83d874f412d84378d7f0eb50b63\kotlin-stdlib-1.9.0.jar;C:\Users\Esapace_info\.gradle\caches\modules-2\files-2.1\org.jetbrains.kotlin\kotlin-script-runtime\1.9.0\4b3102cbbb7e1b58d9d1adf89563f00069ffa7d1\kotlin-script-runtime-1.9.0.jar;C:\Users\Esapace_info\.gradle\caches\modules-2\files-2.1\org.jetbrains.kotlin\kotlin-reflect\1.6.10\1cbe9c92c12a94eea200d23c2bbaedaf3daf5132\kotlin-reflect-1.6.10.jar;C:\Users\Esapace_info\.gradle\caches\modules-2\files-2.1\org.jetbrains.kotlin\kotlin-daemon-embeddable\1.9.0\186543f5e28cf8d9a0290fecc2cf34301c40a65c\kotlin-daemon-embeddable-1.9.0.jar;C:\Users\Esapace_info\.gradle\caches\modules-2\files-2.1\org.jetbrains.intellij.deps\trove4j\1.0.20200330\3afb14d5f9ceb459d724e907a21145e8ff394f02\trove4j-1.0.20200330.jar;C:\Users\Esapace_info\.gradle\caches\modules-2\files-2.1\org.jetbrains.kotlin\kotlin-stdlib-common\1.9.0\cd65c21cfd1eec4d44ef09f9f52b6d9f8a720636\kotlin-stdlib-common-1.9.0.jar;C:\Users\Esapace_info\.gradle\caches\modules-2\files-2.1\org.jetbrains\annotations\13.0\919f0dfe192fb4e063e7dacadee7f8bb9a2672a9\annotations-13.0.jar
Launcher Type: SUN_STANDARD

[Global flags]
     intx CICompilerCount                          = 3                                         {product} {ergonomic}
     uint ConcGCThreads                            = 1                                         {product} {ergonomic}
     uint G1ConcRefinementThreads                  = 4                                         {product} {ergonomic}
   size_t G1HeapRegionSize                         = 1048576                                   {product} {ergonomic}
    uintx GCDrainStackTargetSize                   = 64                                        {product} {ergonomic}
   size_t InitialHeapSize                          = 134217728                                 {product} {ergonomic}
   size_t MarkStackSize                            = 4194304                                   {product} {ergonomic}
   size_t MaxHeapSize                              = 2118123520                                {product} {ergonomic}
   size_t MaxNewSize                               = 1270874112                                {product} {ergonomic}
   size_t MinHeapDeltaBytes                        = 1048576                                   {product} {ergonomic}
   size_t MinHeapSize                              = 8388608                                   {product} {ergonomic}
    uintx NonNMethodCodeHeapSize                   = 5832780                                {pd product} {ergonomic}
    uintx NonProfiledCodeHeapSize                  = 122912730                              {pd product} {ergonomic}
    uintx ProfiledCodeHeapSize                     = 122912730                              {pd product} {ergonomic}
    uintx ReservedCodeCacheSize                    = 251658240                              {pd product} {ergonomic}
     bool SegmentedCodeCache                       = true                                      {product} {ergonomic}
   size_t SoftMaxHeapSize                          = 2118123520                             {manageable} {ergonomic}
     bool UseCompressedClassPointers               = true                           {product lp64_product} {ergonomic}
     bool UseCompressedOops                        = true                           {product lp64_product} {ergonomic}
     bool UseG1GC                                  = true                                      {product} {ergonomic}
     bool UseLargePagesIndividualAllocation        = false                                  {pd product} {ergonomic}

Logging:
Log output configuration:
 #0: stdout all=warning uptime,level,tags
 #1: stderr all=off uptime,level,tags

Environment Variables:
PATH=C:\Windows\system32;C:\Windows;C:\Windows\System32\Wbem;C:\Windows\System32\WindowsPowerShell\v1.0\;C:\Windows\System32\OpenSSH\;C:\PATH_programs;C:\Program Files\nodejs\;C:\Program Files\Git\cmd;C:\Users\Esapace_info\AppData\Local\Programs\Python\Python312\Scripts\;C:\Users\Esapace_info\AppData\Local\Programs\Python\Python312\;C:\Users\Esapace_info\AppData\Local\Programs\Python\Launcher\;C:\Users\Esapace_info\AppData\Local\Microsoft\WindowsApps;C:\Users\Esapace_info\AppData\Local\Programs\Microsoft VS Code\bin;C:\PATH_programs;C:\Users\Esapace_info\AppData\Roaming\npm
USERNAME=Esapace_info
OS=Windows_NT
PROCESSOR_IDENTIFIER=Intel64 Family 6 Model 142 Stepping 9, GenuineIntel
TMP=C:\Users\ESAPAC~1\AppData\Local\Temp
TEMP=C:\Users\ESAPAC~1\AppData\Local\Temp



Periodic native trim disabled

JNI global refs:
JNI global refs: 9, weak refs: 19

JNI global refs memory usage: 843, weak refs: 841

OOME stack traces (most recent first):
Classloader memory used:
Loader jdk.internal.loader.ClassLoaders$AppClassLoader                                 : 4727K
Loader bootstrap                                                                       : 1286K
Loader java.net.URLClassLoader                                                         : 27506B
Loader jdk.internal.reflect.DelegatingClassLoader                                      : 8190B


---------------  S Y S T E M  ---------------

OS:
 Windows 10 , 64 bit Build 18362 (10.0.18362.1110)
OS uptime: 0 days 9:58 hours

CPU: total 4 (initial active 4) (2 cores per cpu, 2 threads per core) family 6 model 142 stepping 9 microcode 0x8e, cx8, cmov, fxsr, ht, mmx, 3dnowpref, sse, sse2, sse3, ssse3, sse4.1, sse4.2, popcnt, lzcnt, tsc, tscinvbit, avx, avx2, aes, erms, clmul, bmi1, bmi2, adx, fma, vzeroupper, clflush, clflushopt
Processor Information for all 4 processors :
  Max Mhz: 2712, Current Mhz: 2511, Mhz Limit: 2495

Memory: 4k page, system-wide physical 8073M (463M free)
TotalPageFile size 11883M (AvailPageFile size 45M)
current process WorkingSet (physical memory assigned to process): 184M, peak: 187M
current process commit charge ("private bytes"): 213M, peak: 256M

vm_info: OpenJDK 64-Bit Server VM (17.0.9+0--11185874) for windows-amd64 JRE (17.0.9+0--11185874), built on Dec  6 2023 18:57:44 by "androidbuild" with MS VC++ 16.10 / 16.11 (VS2019)

END.
