#
# There is insufficient memory for the Java Runtime Environment to continue.
# Native memory allocation (mmap) failed to map 2097152 bytes for G1 virtual space
# Possible reasons:
#   The system is out of physical RAM or swap space
#   The process is running with CompressedOops enabled, and the Java Heap may be blocking the growth of the native heap
# Possible solutions:
#   Reduce memory load on the system
#   Increase physical memory or swap space
#   Check if swap backing store is full
#   Decrease Java heap size (-Xmx/-Xms)
#   Decrease number of Java threads
#   Decrease Java thread stack sizes (-Xss)
#   Set larger code cache with -XX:ReservedCodeCacheSize=
#   JVM is running with Unscaled Compressed Oops mode in which the Java heap is
#     placed in the first 4GB address space. The Java Heap base address is the
#     maximum limit for the native heap growth. Please use -XX:HeapBaseMinAddress
#     to set the Java Heap base and to place the Java Heap above 4GB virtual address.
# This output file may be truncated or incomplete.
#
#  Out of Memory Error (os_windows.cpp:3825), pid=11588, tid=2744
#
# JRE version:  (17.0.9) (build )
# Java VM: OpenJDK 64-Bit Server VM (17.0.9+0--11185874, mixed mode, sharing, tiered, compressed oops, compressed class ptrs, g1 gc, windows-amd64)
# No core dump will be written. Minidumps are not enabled by default on client versions of Windows
#

---------------  S U M M A R Y ------------

Command Line: org.jetbrains.kotlin.cli.jvm.K2JVMCompiler @C:\Users\Esapace_info\AndroidStudioProjects\InsuranceApp\app\build\20240604_15088983569619974691.compiler.options

Host: Intel(R) Core(TM) i5-7200U CPU @ 2.50GHz, 4 cores, 7G,  Windows 10 , 64 bit Build 18362 (10.0.18362.1110)
Time: Tue Jun  4 03:24:15 2024 Paris, Madrid elapsed time: 0.016562 seconds (0d 0h 0m 0s)

---------------  T H R E A D  ---------------

Current thread (0x000001d50abfa360):  JavaThread "Unknown thread" [_thread_in_vm, id=2744, stack(0x00000092b8800000,0x00000092b8900000)]

Stack: [0x00000092b8800000,0x00000092b8900000]
Native frames: (J=compiled Java code, j=interpreted, Vv=VM code, C=native code)
V  [jvm.dll+0x6886e9]
V  [jvm.dll+0x841e4a]
V  [jvm.dll+0x843a8e]
V  [jvm.dll+0x8440f3]
V  [jvm.dll+0x24c14f]
V  [jvm.dll+0x685499]
V  [jvm.dll+0x679c2a]
V  [jvm.dll+0x30cf9b]
V  [jvm.dll+0x314446]
V  [jvm.dll+0x364273]
V  [jvm.dll+0x36448f]
V  [jvm.dll+0x2e2d68]
V  [jvm.dll+0x2e3cd4]
V  [jvm.dll+0x8129f1]
V  [jvm.dll+0x3720c1]
V  [jvm.dll+0x7f152c]
V  [jvm.dll+0x3f5d4f]
V  [jvm.dll+0x3f7981]
C  [jli.dll+0x528f]
C  [ucrtbase.dll+0x210b2]
C  [KERNEL32.DLL+0x17c24]
C  [ntdll.dll+0x6d4d1]


---------------  P R O C E S S  ---------------

Threads class SMR info:
_java_thread_list=0x00007ffa038bef18, length=0, elements={
}

Java Threads: ( => current thread )

Other Threads:
  0x000001d50ac53da0 GCTaskThread "GC Thread#0" [stack: 0x00000092b8900000,0x00000092b8a00000] [id=10952]
  0x000001d50ac64970 ConcurrentGCThread "G1 Main Marker" [stack: 0x00000092b8a00000,0x00000092b8b00000] [id=6244]
  0x000001d50ac65b30 ConcurrentGCThread "G1 Conc#0" [stack: 0x00000092b8b00000,0x00000092b8c00000] [id=12756]

[error occurred during error reporting (printing all threads), id 0xc0000005, EXCEPTION_ACCESS_VIOLATION (0xc0000005) at pc=0x00007ffa03073937]

VM state: not at safepoint (not fully initialized)

VM Mutex/Monitor currently owned by a thread:  ([mutex/lock_event])
[0x000001d50abf5f60] Heap_lock - owner thread: 0x000001d50abfa360

Heap address: 0x0000000081c00000, size: 2020 MB, Compressed Oops mode: 32-bit

CDS archive(s) mapped at: [0x0000000000000000-0x0000000000000000-0x0000000000000000), size 0, SharedBaseAddress: 0x0000000800000000, ArchiveRelocationMode: 1.
Narrow klass base: 0x0000000000000000, Narrow klass shift: 0, Narrow klass range: 0x0

GC Precious Log:
<Empty>

Heap:
 garbage-first heap   total 0K, used 0K [0x0000000081c00000, 0x0000000100000000)
  region size 1024K, 0 young (0K), 0 survivors (0K)
 Metaspace       used 0K, committed 0K, reserved 0K
  class space    used 0K, committed 0K, reserved 0K

Heap Regions: E=young(eden), S=young(survivor), O=old, HS=humongous(starts), HC=humongous(continues), CS=collection set, F=free, OA=open archive, CA=closed archive, TAMS=top-at-mark-start (previous, next)

Card table byte_map: [0x000001d51d4d0000,0x000001d51d8d0000] _byte_map_base: 0x000001d51d0c2000

Marking Bits (Prev, Next): (CMBitMap*) 0x000001d50ac543c0, (CMBitMap*) 0x000001d50ac54400
 Prev Bits: [0x000001d51dcd0000, 0x000001d51fc60000)
 Next Bits: [0x000001d51fc60000, 0x000001d521bf0000)

GC Heap History (0 events):
No events

Dll operation events (1 events):
Event: 0.011 Loaded shared library C:\Program Files\Android\Android Studio\jbr\bin\java.dll

Deoptimization events (0 events):
No events

Classes unloaded (0 events):
No events

Classes redefined (0 events):
No events

Internal exceptions (0 events):
No events

VM Operations (0 events):
No events

Events (0 events):
No events


Dynamic libraries:
0x00007ff651930000 - 0x00007ff65193a000 	C:\Program Files\Android\Android Studio\jbr\bin\java.exe
0x00007ffa52fc0000 - 0x00007ffa531b0000 	C:\Windows\SYSTEM32\ntdll.dll
0x00007ffa52aa0000 - 0x00007ffa52b52000 	C:\Windows\System32\KERNEL32.DLL
0x00007ffa50cc0000 - 0x00007ffa50f65000 	C:\Windows\System32\KERNELBASE.dll
0x00007ffa50130000 - 0x00007ffa5022a000 	C:\Windows\System32\ucrtbase.dll
0x00007ffa350c0000 - 0x00007ffa350d7000 	C:\Program Files\Android\Android Studio\jbr\bin\jli.dll
0x00007ffa4a860000 - 0x00007ffa4a87b000 	C:\Program Files\Android\Android Studio\jbr\bin\VCRUNTIME140.dll
0x00007ffa51350000 - 0x00007ffa514e4000 	C:\Windows\System32\USER32.dll
0x00007ffa509f0000 - 0x00007ffa50a11000 	C:\Windows\System32\win32u.dll
0x00007ffa51310000 - 0x00007ffa51336000 	C:\Windows\System32\GDI32.dll
0x00007ffa3bca0000 - 0x00007ffa3bf24000 	C:\Windows\WinSxS\amd64_microsoft.windows.common-controls_6595b64144ccf1df_6.0.18362.1256_none_9e7e379be45e40e2\COMCTL32.dll
0x00007ffa50a80000 - 0x00007ffa50c16000 	C:\Windows\System32\gdi32full.dll
0x00007ffa528b0000 - 0x00007ffa5294e000 	C:\Windows\System32\msvcrt.dll
0x00007ffa52560000 - 0x00007ffa52896000 	C:\Windows\System32\combase.dll
0x00007ffa51730000 - 0x00007ffa51850000 	C:\Windows\System32\RPCRT4.dll
0x00007ffa50fe0000 - 0x00007ffa51061000 	C:\Windows\System32\bcryptPrimitives.dll
0x00007ffa50c20000 - 0x00007ffa50cbe000 	C:\Windows\System32\msvcp_win.dll
0x00007ffa51550000 - 0x00007ffa5157e000 	C:\Windows\System32\IMM32.DLL
0x00007ffa4abc0000 - 0x00007ffa4abcc000 	C:\Program Files\Android\Android Studio\jbr\bin\vcruntime140_1.dll
0x00007ffa48790000 - 0x00007ffa4881d000 	C:\Program Files\Android\Android Studio\jbr\bin\msvcp140.dll
0x00007ffa02d80000 - 0x00007ffa03a03000 	C:\Program Files\Android\Android Studio\jbr\bin\server\jvm.dll
0x00007ffa51260000 - 0x00007ffa51303000 	C:\Windows\System32\ADVAPI32.dll
0x00007ffa52ee0000 - 0x00007ffa52f77000 	C:\Windows\System32\sechost.dll
0x00007ffa4fe70000 - 0x00007ffa4feba000 	C:\Windows\System32\POWRPROF.dll
0x00007ffa4fe60000 - 0x00007ffa4fe70000 	C:\Windows\System32\UMPDC.dll
0x00007ffa3b6f0000 - 0x00007ffa3b6f9000 	C:\Windows\SYSTEM32\WSOCK32.dll
0x00007ffa4cce0000 - 0x00007ffa4cd04000 	C:\Windows\SYSTEM32\WINMM.dll
0x00007ffa515e0000 - 0x00007ffa5164f000 	C:\Windows\System32\WS2_32.dll
0x00007ffa49b50000 - 0x00007ffa49b5a000 	C:\Windows\SYSTEM32\VERSION.dll
0x00007ffa4ccb0000 - 0x00007ffa4ccdd000 	C:\Windows\SYSTEM32\WINMMBASE.dll
0x00007ffa50f90000 - 0x00007ffa50fda000 	C:\Windows\System32\cfgmgr32.dll
0x00007ffa4fec0000 - 0x00007ffa4fed1000 	C:\Windows\System32\kernel.appcore.dll
0x00007ffa49420000 - 0x00007ffa4942a000 	C:\Program Files\Android\Android Studio\jbr\bin\jimage.dll
0x00007ffa4e580000 - 0x00007ffa4e774000 	C:\Windows\SYSTEM32\DBGHELP.DLL
0x00007ffa3aa70000 - 0x00007ffa3aa9a000 	C:\Windows\SYSTEM32\dbgcore.DLL
0x00007ffa493f0000 - 0x00007ffa49415000 	C:\Program Files\Android\Android Studio\jbr\bin\java.dll

dbghelp: loaded successfully - version: 4.0.5 - missing functions: none
symbol engine: initialized successfully - sym options: 0x614 - pdb path: .;C:\Program Files\Android\Android Studio\jbr\bin;C:\Windows\SYSTEM32;C:\Windows\WinSxS\amd64_microsoft.windows.common-controls_6595b64144ccf1df_6.0.18362.1256_none_9e7e379be45e40e2;C:\Program Files\Android\Android Studio\jbr\bin\server

VM Arguments:
java_command: org.jetbrains.kotlin.cli.jvm.K2JVMCompiler @C:\Users\Esapace_info\AndroidStudioProjects\InsuranceApp\app\build\20240604_15088983569619974691.compiler.options
java_class_path (initial): C:\Users\Esapace_info\.gradle\caches\modules-2\files-2.1\org.jetbrains.kotlin\kotlin-compiler-embeddable\1.9.0\2c8c3a7402becca891f12739b3e9fd2dc2adbd7a\kotlin-compiler-embeddable-1.9.0.jar;C:\Users\Esapace_info\.gradle\caches\modules-2\files-2.1\org.jetbrains.kotlin\kotlin-stdlib\1.9.0\8ee15ef0c67dc83d874f412d84378d7f0eb50b63\kotlin-stdlib-1.9.0.jar;C:\Users\Esapace_info\.gradle\caches\modules-2\files-2.1\org.jetbrains.kotlin\kotlin-script-runtime\1.9.0\4b3102cbbb7e1b58d9d1adf89563f00069ffa7d1\kotlin-script-runtime-1.9.0.jar;C:\Users\Esapace_info\.gradle\caches\modules-2\files-2.1\org.jetbrains.kotlin\kotlin-reflect\1.6.10\1cbe9c92c12a94eea200d23c2bbaedaf3daf5132\kotlin-reflect-1.6.10.jar;C:\Users\Esapace_info\.gradle\caches\modules-2\files-2.1\org.jetbrains.kotlin\kotlin-daemon-embeddable\1.9.0\186543f5e28cf8d9a0290fecc2cf34301c40a65c\kotlin-daemon-embeddable-1.9.0.jar;C:\Users\Esapace_info\.gradle\caches\modules-2\files-2.1\org.jetbrains.intellij.deps\trove4j\1.0.20200330\3afb14d5f9ceb459d724e907a21145e8ff394f02\trove4j-1.0.20200330.jar;C:\Users\Esapace_info\.gradle\caches\modules-2\files-2.1\org.jetbrains.kotlin\kotlin-stdlib-common\1.9.0\cd65c21cfd1eec4d44ef09f9f52b6d9f8a720636\kotlin-stdlib-common-1.9.0.jar;C:\Users\Esapace_info\.gradle\caches\modules-2\files-2.1\org.jetbrains\annotations\13.0\919f0dfe192fb4e063e7dacadee7f8bb9a2672a9\annotations-13.0.jar
Launcher Type: SUN_STANDARD

[Global flags]
     intx CICompilerCount                          = 3                                         {product} {ergonomic}
     uint ConcGCThreads                            = 1                                         {product} {ergonomic}
     uint G1ConcRefinementThreads                  = 4                                         {product} {ergonomic}
   size_t G1HeapRegionSize                         = 1048576                                   {product} {ergonomic}
    uintx GCDrainStackTargetSize                   = 64                                        {product} {ergonomic}
   size_t InitialHeapSize                          = 134217728                                 {product} {ergonomic}
   size_t MarkStackSize                            = 4194304                                   {product} {ergonomic}
   size_t MaxHeapSize                              = 2118123520                                {product} {ergonomic}
   size_t MinHeapDeltaBytes                        = 1048576                                   {product} {ergonomic}
   size_t MinHeapSize                              = 8388608                                   {product} {ergonomic}
    uintx NonNMethodCodeHeapSize                   = 5832780                                {pd product} {ergonomic}
    uintx NonProfiledCodeHeapSize                  = 122912730                              {pd product} {ergonomic}
    uintx ProfiledCodeHeapSize                     = 122912730                              {pd product} {ergonomic}
    uintx ReservedCodeCacheSize                    = 251658240                              {pd product} {ergonomic}
     bool SegmentedCodeCache                       = true                                      {product} {ergonomic}
   size_t SoftMaxHeapSize                          = 2118123520                             {manageable} {ergonomic}
     bool UseCompressedClassPointers               = true                           {product lp64_product} {ergonomic}
     bool UseCompressedOops                        = true                           {product lp64_product} {ergonomic}
     bool UseG1GC                                  = true                                      {product} {ergonomic}
     bool UseLargePagesIndividualAllocation        = false                                  {pd product} {ergonomic}

Logging:
Log output configuration:
 #0: stdout all=warning uptime,level,tags
 #1: stderr all=off uptime,level,tags

Environment Variables:
PATH=C:\Windows\system32;C:\Windows;C:\Windows\System32\Wbem;C:\Windows\System32\WindowsPowerShell\v1.0\;C:\Windows\System32\OpenSSH\;C:\PATH_programs;C:\Program Files\nodejs\;C:\Program Files\Git\cmd;C:\Users\Esapace_info\AppData\Local\Programs\Python\Python312\Scripts\;C:\Users\Esapace_info\AppData\Local\Programs\Python\Python312\;C:\Users\Esapace_info\AppData\Local\Programs\Python\Launcher\;C:\Users\Esapace_info\AppData\Local\Microsoft\WindowsApps;C:\Users\Esapace_info\AppData\Local\Programs\Microsoft VS Code\bin;C:\PATH_programs;C:\Users\Esapace_info\AppData\Roaming\npm
USERNAME=Esapace_info
OS=Windows_NT
PROCESSOR_IDENTIFIER=Intel64 Family 6 Model 142 Stepping 9, GenuineIntel
TMP=C:\Users\ESAPAC~1\AppData\Local\Temp
TEMP=C:\Users\ESAPAC~1\AppData\Local\Temp



Periodic native trim disabled

JNI global refs:
JNI global refs: 0, weak refs: 0

JNI global refs memory usage: 0, weak refs: 0

OOME stack traces (most recent first):
Classloader memory used:


---------------  S Y S T E M  ---------------

OS:
 Windows 10 , 64 bit Build 18362 (10.0.18362.1110)
OS uptime: 0 days 10:43 hours

CPU: total 4 (initial active 4) (2 cores per cpu, 2 threads per core) family 6 model 142 stepping 9 microcode 0x8e, cx8, cmov, fxsr, ht, mmx, 3dnowpref, sse, sse2, sse3, ssse3, sse4.1, sse4.2, popcnt, lzcnt, tsc, tscinvbit, avx, avx2, aes, erms, clmul, bmi1, bmi2, adx, fma, vzeroupper, clflush, clflushopt
Processor Information for all 4 processors :
  Max Mhz: 2712, Current Mhz: 2511, Mhz Limit: 2495

Memory: 4k page, system-wide physical 8073M (682M free)
TotalPageFile size 11883M (AvailPageFile size 5M)
current process WorkingSet (physical memory assigned to process): 10M, peak: 10M
current process commit charge ("private bytes"): 180M, peak: 182M

vm_info: OpenJDK 64-Bit Server VM (17.0.9+0--11185874) for windows-amd64 JRE (17.0.9+0--11185874), built on Dec  6 2023 18:57:44 by "androidbuild" with MS VC++ 16.10 / 16.11 (VS2019)

END.
